runtime error: index out of range [100] with length 1
Traceback:
	D:/app/Go/src/runtime/panic.go:884
	D:/app/Go/src/runtime/panic.go:113
	D:/go/hgee/example/test/views.go:174
	D:/app/Go/pkg/mod/github.com/!never!stop!dreaming!wang/hgee@v1.0.4/server.go:177
	D:/app/Go/pkg/mod/github.com/!never!stop!dreaming!wang/hgee@v1.0.4/server.go:99
	D:/app/Go/src/net/http/server.go:2937
	D:/app/Go/src/net/http/server.go:1996
	D:/app/Go/src/runtime/asm_amd64.s:1599

[2023-09-03 21:11:13] - 127.0.0.1:8989 - GET /test/test_panic 21 byte status HTTP/1.1 500
runtime error: index out of range [100] with length 1
Traceback:
	D:/app/Go/src/runtime/panic.go:884
	D:/app/Go/src/runtime/panic.go:113
	D:/go/hgee/example/test/views.go:174
	D:/app/Go/pkg/mod/github.com/!never!stop!dreaming!wang/hgee@v1.0.4/server.go:177
	D:/app/Go/pkg/mod/github.com/!never!stop!dreaming!wang/hgee@v1.0.4/server.go:99
	D:/app/Go/src/net/http/server.go:2937
	D:/app/Go/src/net/http/server.go:1996
	D:/app/Go/src/runtime/asm_amd64.s:1599

[2023-09-03 21:11:14] - 127.0.0.1:8989 - GET /test/test_panic 21 byte status HTTP/1.1 500
[2023-09-03 21:12:23] - 127.0.0.1:8989 - GET /test/body_params 81 byte status HTTP/1.1 201
[2023-09-03 21:12:38] - 127.0.0.1:8989 - GET /test/body_params 81 byte status HTTP/1.1 201
runtime error: index out of range [100] with length 1
Traceback:
	D:/app/Go/src/runtime/panic.go:884
	D:/app/Go/src/runtime/panic.go:113
	D:/go/hgee/example/test/views.go:174
	D:/app/Go/pkg/mod/github.com/!never!stop!dreaming!wang/hgee@v1.0.4/server.go:177
	D:/app/Go/pkg/mod/github.com/!never!stop!dreaming!wang/hgee@v1.0.4/server.go:99
	D:/app/Go/src/net/http/server.go:2937
	D:/app/Go/src/net/http/server.go:1996
	D:/app/Go/src/runtime/asm_amd64.s:1599

[2023-09-03 21:12:43] - 127.0.0.1:8989 - GET /test/test_panic 21 byte status HTTP/1.1 500
[2023-09-03 21:12:55] - 127.0.0.1:8989 - GET /test/body_params 81 byte status HTTP/1.1 201
[2023-09-03 21:12:59] - 127.0.0.1:8989 - GET /test/body_params 81 byte status HTTP/1.1 201
[2023-09-03 21:13:00] - 127.0.0.1:8989 - GET /test/body_params 81 byte status HTTP/1.1 201
